<?xml version="1.0" encoding="UTF-8"?>
<!-- Generated by org.testng.reporters.JUnitReportReporter -->
<testsuite hostname="DESKTOP-8FEQ9I9" failures="0" tests="2" name="tests.TestsExamples" time="5.613" errors="0" timestamp="2023-01-26T20:46:52 CST" skipped="0">
  <testcase classname="tests.TestsExamples" name="test_2" time="1.950"/>
  <system-out/>
  <testcase classname="tests.TestsExamples" name="test_1" time="3.663"/>
  <system-out/>
</testsuite> <!-- tests.TestsExamples -->
