<?xml version="1.0" encoding="UTF-8"?>
<!-- Generated by org.testng.reporters.JUnitReportReporter -->
<testsuite hostname="DESKTOP-8FEQ9I9" failures="0" tests="1" name="tests.GetAndPostExamples" time="2.043" errors="0" timestamp="2023-01-27T09:10:34 CST" skipped="0">
  <testcase classname="tests.GetAndPostExamples" name="testPost" time="2.043"/>
  <system-out/>
</testsuite> <!-- tests.GetAndPostExamples -->
