<?xml version="1.0" encoding="UTF-8"?>
<!-- Generated by org.testng.reporters.JUnitReportReporter -->
<testsuite hostname="DESKTOP-8FEQ9I9" failures="0" tests="1" name="tests.SoapXMLRequest" time="2.419" errors="0" timestamp="2023-01-31T15:27:22 CST" skipped="0">
  <testcase classname="tests.SoapXMLRequest" name="validateSoapXML" time="2.419"/>
  <system-out/>
</testsuite> <!-- tests.SoapXMLRequest -->
