<?xml version="1.0" encoding="UTF-8"?>
<!-- Generated by org.testng.reporters.JUnitReportReporter -->
<testsuite hostname="DESKTOP-8FEQ9I9" failures="0" tests="1" name="tests.TestsOnLocalAPI" time="3.711" errors="0" timestamp="2023-01-31T10:58:58 CST" skipped="0">
  <testcase classname="tests.TestsOnLocalAPI" name="delete" time="3.711"/>
  <system-out/>
</testsuite> <!-- tests.TestsOnLocalAPI -->
