<?xml version="1.0" encoding="UTF-8"?>
<!-- Generated by org.testng.reporters.JUnitReportReporter -->
<testsuite hostname="DESKTOP-8FEQ9I9" failures="0" tests="3" name="tests.PutPatchDeleteExamples" time="3.334" errors="0" timestamp="2023-01-27T09:20:10 CST" skipped="0">
  <testcase classname="tests.PutPatchDeleteExamples" name="testPut" time="0.450"/>
  <system-out/>
  <testcase classname="tests.PutPatchDeleteExamples" name="testDelete" time="2.353"/>
  <system-out/>
  <testcase classname="tests.PutPatchDeleteExamples" name="testPatch" time="0.531"/>
  <system-out/>
</testsuite> <!-- tests.PutPatchDeleteExamples -->
